<?xml version="1.0" encoding="UTF-8"?>
<testng-results ignored="0" total="18" passed="16" failed="2" skipped="0">
  <reporter-output>
  </reporter-output>
  <suite started-at="2024-04-25T23:48:43 ICT" name="Default Suite" finished-at="2024-04-25T23:51:48 ICT" duration-ms="184876">
    <groups>
    </groups>
    <test started-at="2024-04-25T23:48:43 ICT" name="CCN2024" finished-at="2024-04-25T23:51:48 ICT" duration-ms="184876">
      <class name="com.anhtest.WebCCN.LoginTest">
        <test-method is-config="true" signature="createBrowser()[pri:0, instance:com.anhtest.WebCCN.LoginTest@8e0379d]" started-at="2024-04-25T23:48:44 ICT" name="createBrowser" finished-at="2024-04-25T23:48:52 ICT" duration-ms="8476" status="PASS">
          <reporter-output>
          </reporter-output>
        </test-method> <!-- createBrowser -->
        <test-method signature="TC_01_validateCurrentUrl()[pri:1, instance:com.anhtest.WebCCN.LoginTest@8e0379d]" started-at="2024-04-25T23:48:52 ICT" name="TC_01_validateCurrentUrl" finished-at="2024-04-25T23:48:52 ICT" duration-ms="45" status="PASS">
          <reporter-output>
          </reporter-output>
        </test-method> <!-- TC_01_validateCurrentUrl -->
        <test-method is-config="true" signature="closeBrowser()[pri:0, instance:com.anhtest.WebCCN.LoginTest@8e0379d]" started-at="2024-04-25T23:48:52 ICT" name="closeBrowser" finished-at="2024-04-25T23:48:55 ICT" duration-ms="2492" status="PASS">
          <reporter-output>
          </reporter-output>
        </test-method> <!-- closeBrowser -->
        <test-method is-config="true" signature="createBrowser()[pri:0, instance:com.anhtest.WebCCN.LoginTest@8e0379d]" started-at="2024-04-25T23:48:55 ICT" name="createBrowser" finished-at="2024-04-25T23:49:01 ICT" duration-ms="6155" status="PASS">
          <reporter-output>
          </reporter-output>
        </test-method> <!-- createBrowser -->
        <test-method signature="TC_02_checkHeader_ButtonLogin()[pri:2, instance:com.anhtest.WebCCN.LoginTest@8e0379d]" started-at="2024-04-25T23:49:01 ICT" name="TC_02_checkHeader_ButtonLogin" finished-at="2024-04-25T23:49:01 ICT" duration-ms="90" status="PASS">
          <reporter-output>
          </reporter-output>
        </test-method> <!-- TC_02_checkHeader_ButtonLogin -->
        <test-method is-config="true" signature="closeBrowser()[pri:0, instance:com.anhtest.WebCCN.LoginTest@8e0379d]" started-at="2024-04-25T23:49:01 ICT" name="closeBrowser" finished-at="2024-04-25T23:49:03 ICT" duration-ms="2446" status="PASS">
          <reporter-output>
          </reporter-output>
        </test-method> <!-- closeBrowser -->
        <test-method is-config="true" signature="createBrowser()[pri:0, instance:com.anhtest.WebCCN.LoginTest@8e0379d]" started-at="2024-04-25T23:49:03 ICT" name="createBrowser" finished-at="2024-04-25T23:49:09 ICT" duration-ms="5878" status="PASS">
          <reporter-output>
          </reporter-output>
        </test-method> <!-- createBrowser -->
        <test-method signature="TC_03_checkbuttonLogin()[pri:3, instance:com.anhtest.WebCCN.LoginTest@8e0379d]" started-at="2024-04-25T23:49:09 ICT" name="TC_03_checkbuttonLogin" finished-at="2024-04-25T23:49:09 ICT" duration-ms="46" status="PASS">
          <reporter-output>
          </reporter-output>
        </test-method> <!-- TC_03_checkbuttonLogin -->
        <test-method is-config="true" signature="closeBrowser()[pri:0, instance:com.anhtest.WebCCN.LoginTest@8e0379d]" started-at="2024-04-25T23:49:09 ICT" name="closeBrowser" finished-at="2024-04-25T23:49:12 ICT" duration-ms="2518" status="PASS">
          <reporter-output>
          </reporter-output>
        </test-method> <!-- closeBrowser -->
        <test-method is-config="true" signature="createBrowser()[pri:0, instance:com.anhtest.WebCCN.LoginTest@8e0379d]" started-at="2024-04-25T23:49:12 ICT" name="createBrowser" finished-at="2024-04-25T23:49:18 ICT" duration-ms="5902" status="PASS">
          <reporter-output>
          </reporter-output>
        </test-method> <!-- createBrowser -->
        <test-method signature="TC_04_checkLinkQuenMK()[pri:4, instance:com.anhtest.WebCCN.LoginTest@8e0379d]" started-at="2024-04-25T23:49:18 ICT" name="TC_04_checkLinkQuenMK" finished-at="2024-04-25T23:49:18 ICT" duration-ms="367" status="FAIL">
          <exception class="java.lang.AssertionError">
            <message>
              <![CDATA[Navigation failed expected [http://dnccn.earchive.vn/auth/forgotpassword] but found [http://dnccn.earchive.vn/auth/login]]]>
            </message>
            <full-stacktrace>
              <![CDATA[java.lang.AssertionError: Navigation failed expected [http://dnccn.earchive.vn/auth/forgotpassword] but found [http://dnccn.earchive.vn/auth/login]
at org.testng.Assert.fail(Assert.java:99)
at org.testng.Assert.failNotEquals(Assert.java:1037)
at org.testng.Assert.assertEqualsImpl(Assert.java:140)
at org.testng.Assert.assertEquals(Assert.java:122)
at org.testng.Assert.assertEquals(Assert.java:629)
at com.anhtest.WebCCN.LoginTest.TC_04_checkLinkQuenMK(LoginTest.java:41)
at java.base/jdk.internal.reflect.NativeMethodAccessorImpl.invoke0(Native Method)
at java.base/jdk.internal.reflect.NativeMethodAccessorImpl.invoke(NativeMethodAccessorImpl.java:77)
at java.base/jdk.internal.reflect.DelegatingMethodAccessorImpl.invoke(DelegatingMethodAccessorImpl.java:43)
at java.base/java.lang.reflect.Method.invoke(Method.java:568)
at org.testng.internal.MethodInvocationHelper.invokeMethod(MethodInvocationHelper.java:133)
at org.testng.internal.TestInvoker.invokeMethod(TestInvoker.java:598)
at org.testng.internal.TestInvoker.invokeTestMethod(TestInvoker.java:173)
at org.testng.internal.MethodRunner.runInSequence(MethodRunner.java:46)
at org.testng.internal.TestInvoker$MethodInvocationAgent.invoke(TestInvoker.java:824)
at org.testng.internal.TestInvoker.invokeTestMethods(TestInvoker.java:146)
at org.testng.internal.TestMethodWorker.invokeTestMethods(TestMethodWorker.java:146)
at org.testng.internal.TestMethodWorker.run(TestMethodWorker.java:128)
at java.base/java.util.ArrayList.forEach(ArrayList.java:1511)
at org.testng.TestRunner.privateRun(TestRunner.java:794)
at org.testng.TestRunner.run(TestRunner.java:596)
at org.testng.SuiteRunner.runTest(SuiteRunner.java:377)
at org.testng.SuiteRunner.runSequentially(SuiteRunner.java:371)
at org.testng.SuiteRunner.privateRun(SuiteRunner.java:332)
at org.testng.SuiteRunner.run(SuiteRunner.java:276)
at org.testng.SuiteRunnerWorker.runSuite(SuiteRunnerWorker.java:53)
at org.testng.SuiteRunnerWorker.run(SuiteRunnerWorker.java:96)
at org.testng.TestNG.runSuitesSequentially(TestNG.java:1212)
at org.testng.TestNG.runSuitesLocally(TestNG.java:1134)
at org.testng.TestNG.runSuites(TestNG.java:1063)
at org.testng.TestNG.run(TestNG.java:1031)
at com.intellij.rt.testng.IDEARemoteTestNG.run(IDEARemoteTestNG.java:65)
at com.intellij.rt.testng.RemoteTestNGStarter.main(RemoteTestNGStarter.java:105)
]]>
            </full-stacktrace>
          </exception> <!-- java.lang.AssertionError -->
          <reporter-output>
          </reporter-output>
        </test-method> <!-- TC_04_checkLinkQuenMK -->
        <test-method is-config="true" signature="closeBrowser()[pri:0, instance:com.anhtest.WebCCN.LoginTest@8e0379d]" started-at="2024-04-25T23:49:18 ICT" name="closeBrowser" finished-at="2024-04-25T23:49:21 ICT" duration-ms="2513" status="PASS">
          <reporter-output>
          </reporter-output>
        </test-method> <!-- closeBrowser -->
        <test-method is-config="true" signature="createBrowser()[pri:0, instance:com.anhtest.WebCCN.LoginTest@8e0379d]" started-at="2024-04-25T23:49:21 ICT" name="createBrowser" finished-at="2024-04-25T23:49:26 ICT" duration-ms="5808" status="PASS">
          <reporter-output>
          </reporter-output>
        </test-method> <!-- createBrowser -->
        <test-method signature="TC_05_checkLinkDangKy()[pri:5, instance:com.anhtest.WebCCN.LoginTest@8e0379d]" started-at="2024-04-25T23:49:26 ICT" name="TC_05_checkLinkDangKy" finished-at="2024-04-25T23:49:27 ICT" duration-ms="400" status="FAIL">
          <exception class="java.lang.AssertionError">
            <message>
              <![CDATA[Navigation failed expected [http://dnccn.earchive.vn/auth/register] but found [http://dnccn.earchive.vn/auth/login]]]>
            </message>
            <full-stacktrace>
              <![CDATA[java.lang.AssertionError: Navigation failed expected [http://dnccn.earchive.vn/auth/register] but found [http://dnccn.earchive.vn/auth/login]
at org.testng.Assert.fail(Assert.java:99)
at org.testng.Assert.failNotEquals(Assert.java:1037)
at org.testng.Assert.assertEqualsImpl(Assert.java:140)
at org.testng.Assert.assertEquals(Assert.java:122)
at org.testng.Assert.assertEquals(Assert.java:629)
at com.anhtest.WebCCN.LoginTest.TC_05_checkLinkDangKy(LoginTest.java:50)
at java.base/jdk.internal.reflect.NativeMethodAccessorImpl.invoke0(Native Method)
at java.base/jdk.internal.reflect.NativeMethodAccessorImpl.invoke(NativeMethodAccessorImpl.java:77)
at java.base/jdk.internal.reflect.DelegatingMethodAccessorImpl.invoke(DelegatingMethodAccessorImpl.java:43)
at java.base/java.lang.reflect.Method.invoke(Method.java:568)
at org.testng.internal.MethodInvocationHelper.invokeMethod(MethodInvocationHelper.java:133)
at org.testng.internal.TestInvoker.invokeMethod(TestInvoker.java:598)
at org.testng.internal.TestInvoker.invokeTestMethod(TestInvoker.java:173)
at org.testng.internal.MethodRunner.runInSequence(MethodRunner.java:46)
at org.testng.internal.TestInvoker$MethodInvocationAgent.invoke(TestInvoker.java:824)
at org.testng.internal.TestInvoker.invokeTestMethods(TestInvoker.java:146)
at org.testng.internal.TestMethodWorker.invokeTestMethods(TestMethodWorker.java:146)
at org.testng.internal.TestMethodWorker.run(TestMethodWorker.java:128)
at java.base/java.util.ArrayList.forEach(ArrayList.java:1511)
at org.testng.TestRunner.privateRun(TestRunner.java:794)
at org.testng.TestRunner.run(TestRunner.java:596)
at org.testng.SuiteRunner.runTest(SuiteRunner.java:377)
at org.testng.SuiteRunner.runSequentially(SuiteRunner.java:371)
at org.testng.SuiteRunner.privateRun(SuiteRunner.java:332)
at org.testng.SuiteRunner.run(SuiteRunner.java:276)
at org.testng.SuiteRunnerWorker.runSuite(SuiteRunnerWorker.java:53)
at org.testng.SuiteRunnerWorker.run(SuiteRunnerWorker.java:96)
at org.testng.TestNG.runSuitesSequentially(TestNG.java:1212)
at org.testng.TestNG.runSuitesLocally(TestNG.java:1134)
at org.testng.TestNG.runSuites(TestNG.java:1063)
at org.testng.TestNG.run(TestNG.java:1031)
at com.intellij.rt.testng.IDEARemoteTestNG.run(IDEARemoteTestNG.java:65)
at com.intellij.rt.testng.RemoteTestNGStarter.main(RemoteTestNGStarter.java:105)
]]>
            </full-stacktrace>
          </exception> <!-- java.lang.AssertionError -->
          <reporter-output>
          </reporter-output>
        </test-method> <!-- TC_05_checkLinkDangKy -->
        <test-method is-config="true" signature="closeBrowser()[pri:0, instance:com.anhtest.WebCCN.LoginTest@8e0379d]" started-at="2024-04-25T23:49:27 ICT" name="closeBrowser" finished-at="2024-04-25T23:49:29 ICT" duration-ms="2522" status="PASS">
          <reporter-output>
          </reporter-output>
        </test-method> <!-- closeBrowser -->
        <test-method is-config="true" signature="createBrowser()[pri:0, instance:com.anhtest.WebCCN.LoginTest@8e0379d]" started-at="2024-04-25T23:49:29 ICT" name="createBrowser" finished-at="2024-04-25T23:49:36 ICT" duration-ms="6393" status="PASS">
          <reporter-output>
          </reporter-output>
        </test-method> <!-- createBrowser -->
        <test-method signature="TC_06_trongTenDangNhap()[pri:6, instance:com.anhtest.WebCCN.LoginTest@8e0379d]" started-at="2024-04-25T23:49:36 ICT" name="TC_06_trongTenDangNhap" finished-at="2024-04-25T23:49:37 ICT" duration-ms="1456" status="PASS">
          <reporter-output>
          </reporter-output>
        </test-method> <!-- TC_06_trongTenDangNhap -->
        <test-method is-config="true" signature="closeBrowser()[pri:0, instance:com.anhtest.WebCCN.LoginTest@8e0379d]" started-at="2024-04-25T23:49:37 ICT" name="closeBrowser" finished-at="2024-04-25T23:49:40 ICT" duration-ms="2488" status="PASS">
          <reporter-output>
          </reporter-output>
        </test-method> <!-- closeBrowser -->
        <test-method is-config="true" signature="createBrowser()[pri:0, instance:com.anhtest.WebCCN.LoginTest@8e0379d]" started-at="2024-04-25T23:49:40 ICT" name="createBrowser" finished-at="2024-04-25T23:49:46 ICT" duration-ms="6564" status="PASS">
          <reporter-output>
          </reporter-output>
        </test-method> <!-- createBrowser -->
        <test-method signature="TC_07_trongMatKhau()[pri:7, instance:com.anhtest.WebCCN.LoginTest@8e0379d]" started-at="2024-04-25T23:49:46 ICT" name="TC_07_trongMatKhau" finished-at="2024-04-25T23:49:48 ICT" duration-ms="1364" status="PASS">
          <reporter-output>
          </reporter-output>
        </test-method> <!-- TC_07_trongMatKhau -->
        <test-method is-config="true" signature="closeBrowser()[pri:0, instance:com.anhtest.WebCCN.LoginTest@8e0379d]" started-at="2024-04-25T23:49:48 ICT" name="closeBrowser" finished-at="2024-04-25T23:49:50 ICT" duration-ms="2581" status="PASS">
          <reporter-output>
          </reporter-output>
        </test-method> <!-- closeBrowser -->
        <test-method is-config="true" signature="createBrowser()[pri:0, instance:com.anhtest.WebCCN.LoginTest@8e0379d]" started-at="2024-04-25T23:49:50 ICT" name="createBrowser" finished-at="2024-04-25T23:49:57 ICT" duration-ms="6487" status="PASS">
          <reporter-output>
          </reporter-output>
        </test-method> <!-- createBrowser -->
        <test-method signature="TC_08_saiTenDangNhap()[pri:8, instance:com.anhtest.WebCCN.LoginTest@8e0379d]" started-at="2024-04-25T23:49:57 ICT" name="TC_08_saiTenDangNhap" finished-at="2024-04-25T23:49:58 ICT" duration-ms="1915" status="PASS">
          <reporter-output>
          </reporter-output>
        </test-method> <!-- TC_08_saiTenDangNhap -->
        <test-method is-config="true" signature="closeBrowser()[pri:0, instance:com.anhtest.WebCCN.LoginTest@8e0379d]" started-at="2024-04-25T23:49:58 ICT" name="closeBrowser" finished-at="2024-04-25T23:50:01 ICT" duration-ms="2415" status="PASS">
          <reporter-output>
          </reporter-output>
        </test-method> <!-- closeBrowser -->
        <test-method is-config="true" signature="createBrowser()[pri:0, instance:com.anhtest.WebCCN.LoginTest@8e0379d]" started-at="2024-04-25T23:50:01 ICT" name="createBrowser" finished-at="2024-04-25T23:50:07 ICT" duration-ms="6115" status="PASS">
          <reporter-output>
          </reporter-output>
        </test-method> <!-- createBrowser -->
        <test-method signature="TC_09_tenDNNhoHon10KyTu()[pri:9, instance:com.anhtest.WebCCN.LoginTest@8e0379d]" started-at="2024-04-25T23:50:07 ICT" name="TC_09_tenDNNhoHon10KyTu" finished-at="2024-04-25T23:50:09 ICT" duration-ms="2124" status="PASS">
          <reporter-output>
          </reporter-output>
        </test-method> <!-- TC_09_tenDNNhoHon10KyTu -->
        <test-method is-config="true" signature="closeBrowser()[pri:0, instance:com.anhtest.WebCCN.LoginTest@8e0379d]" started-at="2024-04-25T23:50:09 ICT" name="closeBrowser" finished-at="2024-04-25T23:50:12 ICT" duration-ms="2644" status="PASS">
          <reporter-output>
          </reporter-output>
        </test-method> <!-- closeBrowser -->
        <test-method is-config="true" signature="createBrowser()[pri:0, instance:com.anhtest.WebCCN.LoginTest@8e0379d]" started-at="2024-04-25T23:50:12 ICT" name="createBrowser" finished-at="2024-04-25T23:50:16 ICT" duration-ms="4635" status="PASS">
          <reporter-output>
          </reporter-output>
        </test-method> <!-- createBrowser -->
        <test-method signature="TC_10_tenDNLonHon10KyTu()[pri:10, instance:com.anhtest.WebCCN.LoginTest@8e0379d]" started-at="2024-04-25T23:50:16 ICT" name="TC_10_tenDNLonHon10KyTu" finished-at="2024-04-25T23:50:20 ICT" duration-ms="3452" status="PASS">
          <reporter-output>
          </reporter-output>
        </test-method> <!-- TC_10_tenDNLonHon10KyTu -->
        <test-method is-config="true" signature="closeBrowser()[pri:0, instance:com.anhtest.WebCCN.LoginTest@8e0379d]" started-at="2024-04-25T23:50:20 ICT" name="closeBrowser" finished-at="2024-04-25T23:50:23 ICT" duration-ms="2973" status="PASS">
          <reporter-output>
          </reporter-output>
        </test-method> <!-- closeBrowser -->
        <test-method is-config="true" signature="createBrowser()[pri:0, instance:com.anhtest.WebCCN.LoginTest@8e0379d]" started-at="2024-04-25T23:50:23 ICT" name="createBrowser" finished-at="2024-04-25T23:50:29 ICT" duration-ms="5821" status="PASS">
          <reporter-output>
          </reporter-output>
        </test-method> <!-- createBrowser -->
        <test-method signature="TC_11_tenDNKyTuKhac()[pri:11, instance:com.anhtest.WebCCN.LoginTest@8e0379d]" started-at="2024-04-25T23:50:29 ICT" name="TC_11_tenDNKyTuKhac" finished-at="2024-04-25T23:50:30 ICT" duration-ms="1750" status="PASS">
          <reporter-output>
          </reporter-output>
        </test-method> <!-- TC_11_tenDNKyTuKhac -->
        <test-method is-config="true" signature="closeBrowser()[pri:0, instance:com.anhtest.WebCCN.LoginTest@8e0379d]" started-at="2024-04-25T23:50:30 ICT" name="closeBrowser" finished-at="2024-04-25T23:50:33 ICT" duration-ms="2541" status="PASS">
          <reporter-output>
          </reporter-output>
        </test-method> <!-- closeBrowser -->
        <test-method is-config="true" signature="createBrowser()[pri:0, instance:com.anhtest.WebCCN.LoginTest@8e0379d]" started-at="2024-04-25T23:50:33 ICT" name="createBrowser" finished-at="2024-04-25T23:50:39 ICT" duration-ms="5947" status="PASS">
          <reporter-output>
          </reporter-output>
        </test-method> <!-- createBrowser -->
        <test-method signature="TC_12_loginSuccess()[pri:12, instance:com.anhtest.WebCCN.LoginTest@8e0379d]" started-at="2024-04-25T23:50:39 ICT" name="TC_12_loginSuccess" finished-at="2024-04-25T23:50:41 ICT" duration-ms="2410" status="PASS">
          <reporter-output>
          </reporter-output>
        </test-method> <!-- TC_12_loginSuccess -->
        <test-method is-config="true" signature="closeBrowser()[pri:0, instance:com.anhtest.WebCCN.LoginTest@8e0379d]" started-at="2024-04-25T23:50:41 ICT" name="closeBrowser" finished-at="2024-04-25T23:50:44 ICT" duration-ms="2573" status="PASS">
          <reporter-output>
          </reporter-output>
        </test-method> <!-- closeBrowser -->
        <test-method is-config="true" signature="createBrowser()[pri:0, instance:com.anhtest.WebCCN.LoginTest@8e0379d]" started-at="2024-04-25T23:50:44 ICT" name="createBrowser" finished-at="2024-04-25T23:50:50 ICT" duration-ms="6271" status="PASS">
          <reporter-output>
          </reporter-output>
        </test-method> <!-- createBrowser -->
        <test-method signature="TC_13_MKSai()[pri:13, instance:com.anhtest.WebCCN.LoginTest@8e0379d]" started-at="2024-04-25T23:50:50 ICT" name="TC_13_MKSai" finished-at="2024-04-25T23:50:52 ICT" duration-ms="1803" status="PASS">
          <reporter-output>
          </reporter-output>
        </test-method> <!-- TC_13_MKSai -->
        <test-method is-config="true" signature="closeBrowser()[pri:0, instance:com.anhtest.WebCCN.LoginTest@8e0379d]" started-at="2024-04-25T23:50:52 ICT" name="closeBrowser" finished-at="2024-04-25T23:50:55 ICT" duration-ms="2827" status="PASS">
          <reporter-output>
          </reporter-output>
        </test-method> <!-- closeBrowser -->
        <test-method is-config="true" signature="createBrowser()[pri:0, instance:com.anhtest.WebCCN.LoginTest@8e0379d]" started-at="2024-04-25T23:50:55 ICT" name="createBrowser" finished-at="2024-04-25T23:51:01 ICT" duration-ms="6094" status="PASS">
          <reporter-output>
          </reporter-output>
        </test-method> <!-- createBrowser -->
        <test-method signature="TC_14_MKThieuChuHoaKyTuDacBiet()[pri:14, instance:com.anhtest.WebCCN.LoginTest@8e0379d]" started-at="2024-04-25T23:51:01 ICT" name="TC_14_MKThieuChuHoaKyTuDacBiet" finished-at="2024-04-25T23:51:03 ICT" duration-ms="1860" status="PASS">
          <reporter-output>
          </reporter-output>
        </test-method> <!-- TC_14_MKThieuChuHoaKyTuDacBiet -->
        <test-method is-config="true" signature="closeBrowser()[pri:0, instance:com.anhtest.WebCCN.LoginTest@8e0379d]" started-at="2024-04-25T23:51:03 ICT" name="closeBrowser" finished-at="2024-04-25T23:51:06 ICT" duration-ms="2944" status="PASS">
          <reporter-output>
          </reporter-output>
        </test-method> <!-- closeBrowser -->
        <test-method is-config="true" signature="createBrowser()[pri:0, instance:com.anhtest.WebCCN.LoginTest@8e0379d]" started-at="2024-04-25T23:51:06 ICT" name="createBrowser" finished-at="2024-04-25T23:51:12 ICT" duration-ms="5825" status="PASS">
          <reporter-output>
          </reporter-output>
        </test-method> <!-- createBrowser -->
        <test-method signature="TC_15_MKThieuChuHoa()[pri:15, instance:com.anhtest.WebCCN.LoginTest@8e0379d]" started-at="2024-04-25T23:51:12 ICT" name="TC_15_MKThieuChuHoa" finished-at="2024-04-25T23:51:13 ICT" duration-ms="1825" status="PASS">
          <reporter-output>
          </reporter-output>
        </test-method> <!-- TC_15_MKThieuChuHoa -->
        <test-method is-config="true" signature="closeBrowser()[pri:0, instance:com.anhtest.WebCCN.LoginTest@8e0379d]" started-at="2024-04-25T23:51:13 ICT" name="closeBrowser" finished-at="2024-04-25T23:51:16 ICT" duration-ms="2680" status="PASS">
          <reporter-output>
          </reporter-output>
        </test-method> <!-- closeBrowser -->
        <test-method is-config="true" signature="createBrowser()[pri:0, instance:com.anhtest.WebCCN.LoginTest@8e0379d]" started-at="2024-04-25T23:51:16 ICT" name="createBrowser" finished-at="2024-04-25T23:51:23 ICT" duration-ms="6635" status="PASS">
          <reporter-output>
          </reporter-output>
        </test-method> <!-- createBrowser -->
        <test-method signature="TC_16_MKThieuChuThuong()[pri:16, instance:com.anhtest.WebCCN.LoginTest@8e0379d]" started-at="2024-04-25T23:51:23 ICT" name="TC_16_MKThieuChuThuong" finished-at="2024-04-25T23:51:25 ICT" duration-ms="1890" status="PASS">
          <reporter-output>
          </reporter-output>
        </test-method> <!-- TC_16_MKThieuChuThuong -->
        <test-method is-config="true" signature="closeBrowser()[pri:0, instance:com.anhtest.WebCCN.LoginTest@8e0379d]" started-at="2024-04-25T23:51:25 ICT" name="closeBrowser" finished-at="2024-04-25T23:51:27 ICT" duration-ms="2535" status="PASS">
          <reporter-output>
          </reporter-output>
        </test-method> <!-- closeBrowser -->
        <test-method is-config="true" signature="createBrowser()[pri:0, instance:com.anhtest.WebCCN.LoginTest@8e0379d]" started-at="2024-04-25T23:51:27 ICT" name="createBrowser" finished-at="2024-04-25T23:51:33 ICT" duration-ms="6194" status="PASS">
          <reporter-output>
          </reporter-output>
        </test-method> <!-- createBrowser -->
        <test-method signature="TC_17_MKThieuKyTuDacBiet()[pri:17, instance:com.anhtest.WebCCN.LoginTest@8e0379d]" started-at="2024-04-25T23:51:33 ICT" name="TC_17_MKThieuKyTuDacBiet" finished-at="2024-04-25T23:51:35 ICT" duration-ms="1566" status="PASS">
          <reporter-output>
          </reporter-output>
        </test-method> <!-- TC_17_MKThieuKyTuDacBiet -->
        <test-method is-config="true" signature="closeBrowser()[pri:0, instance:com.anhtest.WebCCN.LoginTest@8e0379d]" started-at="2024-04-25T23:51:35 ICT" name="closeBrowser" finished-at="2024-04-25T23:51:38 ICT" duration-ms="2941" status="PASS">
          <reporter-output>
          </reporter-output>
        </test-method> <!-- closeBrowser -->
        <test-method is-config="true" signature="createBrowser()[pri:0, instance:com.anhtest.WebCCN.LoginTest@8e0379d]" started-at="2024-04-25T23:51:38 ICT" name="createBrowser" finished-at="2024-04-25T23:51:44 ICT" duration-ms="5863" status="PASS">
          <reporter-output>
          </reporter-output>
        </test-method> <!-- createBrowser -->
        <test-method signature="TC_18_validateMatkhau()[pri:18, instance:com.anhtest.WebCCN.LoginTest@8e0379d]" started-at="2024-04-25T23:51:44 ICT" name="TC_18_validateMatkhau" finished-at="2024-04-25T23:51:46 ICT" duration-ms="1925" status="PASS">
          <reporter-output>
          </reporter-output>
        </test-method> <!-- TC_18_validateMatkhau -->
        <test-method is-config="true" signature="closeBrowser()[pri:0, instance:com.anhtest.WebCCN.LoginTest@8e0379d]" started-at="2024-04-25T23:51:46 ICT" name="closeBrowser" finished-at="2024-04-25T23:51:48 ICT" duration-ms="2760" status="PASS">
          <reporter-output>
          </reporter-output>
        </test-method> <!-- closeBrowser -->
      </class> <!-- com.anhtest.WebCCN.LoginTest -->
    </test> <!-- CCN2024 -->
  </suite> <!-- Default Suite -->
</testng-results>
